\BOOKMARK [0][-]{chapter.1}{\376\377\0001\000\040\000C\000l\000a\000s\000s\000\040\000I\000n\000d\000e\000x}{}% 1
\BOOKMARK [1][-]{section.1.1}{\376\377\0001\000.\0001\000\040\000C\000l\000a\000s\000s\000\040\000L\000i\000s\000t}{chapter.1}% 2
\BOOKMARK [0][-]{chapter.2}{\376\377\0002\000\040\000F\000i\000l\000e\000\040\000I\000n\000d\000e\000x}{}% 3
\BOOKMARK [1][-]{section.2.1}{\376\377\0002\000.\0001\000\040\000F\000i\000l\000e\000\040\000L\000i\000s\000t}{chapter.2}% 4
\BOOKMARK [0][-]{chapter.3}{\376\377\0003\000\040\000C\000l\000a\000s\000s\000\040\000D\000o\000c\000u\000m\000e\000n\000t\000a\000t\000i\000o\000n}{}% 5
\BOOKMARK [1][-]{section.3.1}{\376\377\0003\000.\0001\000\040\000D\000e\000a\000d\000l\000o\000c\000k\000S\000e\000t\000\040\000S\000t\000r\000u\000c\000t\000\040\000R\000e\000f\000e\000r\000e\000n\000c\000e}{chapter.3}% 6
\BOOKMARK [2][-]{subsection.3.1.1}{\376\377\0003\000.\0001\000.\0001\000\040\000D\000e\000t\000a\000i\000l\000e\000d\000\040\000D\000e\000s\000c\000r\000i\000p\000t\000i\000o\000n}{section.3.1}% 7
\BOOKMARK [2][-]{subsection.3.1.2}{\376\377\0003\000.\0001\000.\0002\000\040\000M\000e\000m\000b\000e\000r\000\040\000D\000a\000t\000a\000\040\000D\000o\000c\000u\000m\000e\000n\000t\000a\000t\000i\000o\000n}{section.3.1}% 8
\BOOKMARK [3][-]{subsubsection.3.1.2.1}{\376\377\0003\000.\0001\000.\0002\000.\0001\000\040\000l\000e\000n}{subsection.3.1.2}% 9
\BOOKMARK [3][-]{subsubsection.3.1.2.2}{\376\377\0003\000.\0001\000.\0002\000.\0002\000\040\000p\000i\000d\000s}{subsection.3.1.2}% 10
\BOOKMARK [1][-]{section.3.2}{\376\377\0003\000.\0002\000\040\000D\000e\000t\000e\000c\000t\000o\000r\000\040\000S\000t\000r\000u\000c\000t\000\040\000R\000e\000f\000e\000r\000e\000n\000c\000e}{chapter.3}% 11
\BOOKMARK [2][-]{subsection.3.2.1}{\376\377\0003\000.\0002\000.\0001\000\040\000D\000e\000t\000a\000i\000l\000e\000d\000\040\000D\000e\000s\000c\000r\000i\000p\000t\000i\000o\000n}{section.3.2}% 12
\BOOKMARK [2][-]{subsection.3.2.2}{\376\377\0003\000.\0002\000.\0002\000\040\000M\000e\000m\000b\000e\000r\000\040\000D\000a\000t\000a\000\040\000D\000o\000c\000u\000m\000e\000n\000t\000a\000t\000i\000o\000n}{section.3.2}% 13
\BOOKMARK [3][-]{subsubsection.3.2.2.1}{\376\377\0003\000.\0002\000.\0002\000.\0001\000\040\000d\000e\000t\000e\000c\000t}{subsection.3.2.2}% 14
\BOOKMARK [1][-]{section.3.3}{\376\377\0003\000.\0003\000\040\000E\000n\000g\000i\000n\000e\000\040\000S\000t\000r\000u\000c\000t\000\040\000R\000e\000f\000e\000r\000e\000n\000c\000e}{chapter.3}% 15
\BOOKMARK [2][-]{subsection.3.3.1}{\376\377\0003\000.\0003\000.\0001\000\040\000D\000e\000t\000a\000i\000l\000e\000d\000\040\000D\000e\000s\000c\000r\000i\000p\000t\000i\000o\000n}{section.3.3}% 16
\BOOKMARK [2][-]{subsection.3.3.2}{\376\377\0003\000.\0003\000.\0002\000\040\000M\000e\000m\000b\000e\000r\000\040\000D\000a\000t\000a\000\040\000D\000o\000c\000u\000m\000e\000n\000t\000a\000t\000i\000o\000n}{section.3.3}% 17
\BOOKMARK [3][-]{subsubsection.3.3.2.1}{\376\377\0003\000.\0003\000.\0002\000.\0001\000\040\000c\000h\000e\000c\000k\000\137\000i\000n\000t\000e\000r\000v\000a\000l}{subsection.3.3.2}% 18
\BOOKMARK [3][-]{subsubsection.3.3.2.2}{\376\377\0003\000.\0003\000.\0002\000.\0002\000\040\000d\000e\000t}{subsection.3.3.2}% 19
\BOOKMARK [3][-]{subsubsection.3.3.2.3}{\376\377\0003\000.\0003\000.\0002\000.\0003\000\040\000m}{subsection.3.3.2}% 20
\BOOKMARK [3][-]{subsubsection.3.3.2.4}{\376\377\0003\000.\0003\000.\0002\000.\0004\000\040\000p\000o\000l}{subsection.3.3.2}% 21
\BOOKMARK [3][-]{subsubsection.3.3.2.5}{\376\377\0003\000.\0003\000.\0002\000.\0005\000\040\000q}{subsection.3.3.2}% 22
\BOOKMARK [3][-]{subsubsection.3.3.2.6}{\376\377\0003\000.\0003\000.\0002\000.\0006\000\040\000q\000c\000a\000p}{subsection.3.3.2}% 23
\BOOKMARK [3][-]{subsubsection.3.3.2.7}{\376\377\0003\000.\0003\000.\0002\000.\0007\000\040\000q\000l\000e\000n}{subsection.3.3.2}% 24
\BOOKMARK [3][-]{subsubsection.3.3.2.8}{\376\377\0003\000.\0003\000.\0002\000.\0008\000\040\000r\000e\000s}{subsection.3.3.2}% 25
\BOOKMARK [3][-]{subsubsection.3.3.2.9}{\376\377\0003\000.\0003\000.\0002\000.\0009\000\040\000s}{subsection.3.3.2}% 26
\BOOKMARK [1][-]{section.3.4}{\376\377\0003\000.\0004\000\040\000E\000v\000e\000n\000t\000\040\000S\000t\000r\000u\000c\000t\000\040\000R\000e\000f\000e\000r\000e\000n\000c\000e}{chapter.3}% 27
\BOOKMARK [2][-]{subsection.3.4.1}{\376\377\0003\000.\0004\000.\0001\000\040\000D\000e\000t\000a\000i\000l\000e\000d\000\040\000D\000e\000s\000c\000r\000i\000p\000t\000i\000o\000n}{section.3.4}% 28
\BOOKMARK [2][-]{subsection.3.4.2}{\376\377\0003\000.\0004\000.\0002\000\040\000M\000e\000m\000b\000e\000r\000\040\000D\000a\000t\000a\000\040\000D\000o\000c\000u\000m\000e\000n\000t\000a\000t\000i\000o\000n}{section.3.4}% 29
\BOOKMARK [3][-]{subsubsection.3.4.2.1}{\376\377\0003\000.\0004\000.\0002\000.\0001\000\040\000a\000m\000o\000u\000n\000t}{subsection.3.4.2}% 30
\BOOKMARK [3][-]{subsubsection.3.4.2.2}{\376\377\0003\000.\0004\000.\0002\000.\0002\000\040\000h\000o\000l\000d}{subsection.3.4.2}% 31
\BOOKMARK [3][-]{subsubsection.3.4.2.3}{\376\377\0003\000.\0004\000.\0002\000.\0003\000\040\000p\000i\000d}{subsection.3.4.2}% 32
\BOOKMARK [3][-]{subsubsection.3.4.2.4}{\376\377\0003\000.\0004\000.\0002\000.\0004\000\040\000r\000i\000d}{subsection.3.4.2}% 33
\BOOKMARK [3][-]{subsubsection.3.4.2.5}{\376\377\0003\000.\0004\000.\0002\000.\0005\000\040\000s\000e\000q}{subsection.3.4.2}% 34
\BOOKMARK [3][-]{subsubsection.3.4.2.6}{\376\377\0003\000.\0004\000.\0002\000.\0006\000\040\000t\000i\000m\000e}{subsection.3.4.2}% 35
\BOOKMARK [3][-]{subsubsection.3.4.2.7}{\376\377\0003\000.\0004\000.\0002\000.\0007\000\040\000t\000y\000p\000e}{subsection.3.4.2}% 36
\BOOKMARK [1][-]{section.3.5}{\376\377\0003\000.\0005\000\040\000E\000v\000e\000n\000t\000L\000i\000s\000t\000\040\000S\000t\000r\000u\000c\000t\000\040\000R\000e\000f\000e\000r\000e\000n\000c\000e}{chapter.3}% 37
\BOOKMARK [2][-]{subsection.3.5.1}{\376\377\0003\000.\0005\000.\0001\000\040\000D\000e\000t\000a\000i\000l\000e\000d\000\040\000D\000e\000s\000c\000r\000i\000p\000t\000i\000o\000n}{section.3.5}% 38
\BOOKMARK [2][-]{subsection.3.5.2}{\376\377\0003\000.\0005\000.\0002\000\040\000M\000e\000m\000b\000e\000r\000\040\000D\000a\000t\000a\000\040\000D\000o\000c\000u\000m\000e\000n\000t\000a\000t\000i\000o\000n}{section.3.5}% 39
\BOOKMARK [3][-]{subsubsection.3.5.2.1}{\376\377\0003\000.\0005\000.\0002\000.\0001\000\040\000i\000t\000e\000m\000s}{subsection.3.5.2}% 40
\BOOKMARK [3][-]{subsubsection.3.5.2.2}{\376\377\0003\000.\0005\000.\0002\000.\0002\000\040\000l\000e\000n}{subsection.3.5.2}% 41
\BOOKMARK [1][-]{section.3.6}{\376\377\0003\000.\0006\000\040\000M\000e\000t\000r\000i\000c\000s\000\040\000S\000t\000r\000u\000c\000t\000\040\000R\000e\000f\000e\000r\000e\000n\000c\000e}{chapter.3}% 42
\BOOKMARK [2][-]{subsection.3.6.1}{\376\377\0003\000.\0006\000.\0001\000\040\000D\000e\000t\000a\000i\000l\000e\000d\000\040\000D\000e\000s\000c\000r\000i\000p\000t\000i\000o\000n}{section.3.6}% 43
\BOOKMARK [2][-]{subsection.3.6.2}{\376\377\0003\000.\0006\000.\0002\000\040\000M\000e\000m\000b\000e\000r\000\040\000D\000a\000t\000a\000\040\000D\000o\000c\000u\000m\000e\000n\000t\000a\000t\000i\000o\000n}{section.3.6}% 44
\BOOKMARK [3][-]{subsubsection.3.6.2.1}{\376\377\0003\000.\0006\000.\0002\000.\0001\000\040\000a\000b\000o\000r\000t\000s}{subsection.3.6.2}% 45
\BOOKMARK [3][-]{subsubsection.3.6.2.2}{\376\377\0003\000.\0006\000.\0002\000.\0002\000\040\000d\000e\000a\000d\000l\000o\000c\000k\000s\000\137\000d\000e\000t\000e\000c\000t\000e\000d}{subsection.3.6.2}% 46
\BOOKMARK [3][-]{subsubsection.3.6.2.3}{\376\377\0003\000.\0006\000.\0002\000.\0003\000\040\000d\000e\000f\000e\000r\000s}{subsection.3.6.2}% 47
\BOOKMARK [3][-]{subsubsection.3.6.2.4}{\376\377\0003\000.\0006\000.\0002\000.\0004\000\040\000d\000e\000n\000i\000e\000s}{subsection.3.6.2}% 48
\BOOKMARK [3][-]{subsubsection.3.6.2.5}{\376\377\0003\000.\0006\000.\0002\000.\0005\000\040\000g\000r\000a\000n\000t\000s}{subsection.3.6.2}% 49
\BOOKMARK [3][-]{subsubsection.3.6.2.6}{\376\377\0003\000.\0006\000.\0002\000.\0006\000\040\000r\000o\000l\000l\000b\000a\000c\000k\000s}{subsection.3.6.2}% 50
\BOOKMARK [1][-]{section.3.7}{\376\377\0003\000.\0007\000\040\000P\000r\000o\000c\000e\000s\000s\000\040\000S\000t\000r\000u\000c\000t\000\040\000R\000e\000f\000e\000r\000e\000n\000c\000e}{chapter.3}% 51
\BOOKMARK [2][-]{subsection.3.7.1}{\376\377\0003\000.\0007\000.\0001\000\040\000D\000e\000t\000a\000i\000l\000e\000d\000\040\000D\000e\000s\000c\000r\000i\000p\000t\000i\000o\000n}{section.3.7}% 52
\BOOKMARK [2][-]{subsection.3.7.2}{\376\377\0003\000.\0007\000.\0002\000\040\000M\000e\000m\000b\000e\000r\000\040\000D\000a\000t\000a\000\040\000D\000o\000c\000u\000m\000e\000n\000t\000a\000t\000i\000o\000n}{section.3.7}% 53
\BOOKMARK [3][-]{subsubsection.3.7.2.1}{\376\377\0003\000.\0007\000.\0002\000.\0001\000\040\000p\000i\000d}{subsection.3.7.2}% 54
\BOOKMARK [3][-]{subsubsection.3.7.2.2}{\376\377\0003\000.\0007\000.\0002\000.\0002\000\040\000p\000r\000i\000o\000r\000i\000t\000y}{subsection.3.7.2}% 55
\BOOKMARK [3][-]{subsubsection.3.7.2.3}{\376\377\0003\000.\0007\000.\0002\000.\0003\000\040\000p\000r\000o\000g\000r\000e\000s\000s}{subsection.3.7.2}% 56
\BOOKMARK [3][-]{subsubsection.3.7.2.4}{\376\377\0003\000.\0007\000.\0002\000.\0004\000\040\000s\000t\000a\000t\000e}{subsection.3.7.2}% 57
\BOOKMARK [1][-]{section.3.8}{\376\377\0003\000.\0008\000\040\000R\000e\000q\000u\000e\000s\000t\000P\000o\000l\000i\000c\000y\000\040\000S\000t\000r\000u\000c\000t\000\040\000R\000e\000f\000e\000r\000e\000n\000c\000e}{chapter.3}% 58
\BOOKMARK [2][-]{subsection.3.8.1}{\376\377\0003\000.\0008\000.\0001\000\040\000D\000e\000t\000a\000i\000l\000e\000d\000\040\000D\000e\000s\000c\000r\000i\000p\000t\000i\000o\000n}{section.3.8}% 59
\BOOKMARK [2][-]{subsection.3.8.2}{\376\377\0003\000.\0008\000.\0002\000\040\000M\000e\000m\000b\000e\000r\000\040\000D\000a\000t\000a\000\040\000D\000o\000c\000u\000m\000e\000n\000t\000a\000t\000i\000o\000n}{section.3.8}% 60
\BOOKMARK [3][-]{subsubsection.3.8.2.1}{\376\377\0003\000.\0008\000.\0002\000.\0001\000\040\000o\000n\000\137\000r\000e\000q\000u\000e\000s\000t}{subsection.3.8.2}% 61
\BOOKMARK [1][-]{section.3.9}{\376\377\0003\000.\0009\000\040\000R\000e\000s\000o\000l\000v\000e\000r\000\040\000S\000t\000r\000u\000c\000t\000\040\000R\000e\000f\000e\000r\000e\000n\000c\000e}{chapter.3}% 62
\BOOKMARK [2][-]{subsection.3.9.1}{\376\377\0003\000.\0009\000.\0001\000\040\000D\000e\000t\000a\000i\000l\000e\000d\000\040\000D\000e\000s\000c\000r\000i\000p\000t\000i\000o\000n}{section.3.9}% 63
\BOOKMARK [2][-]{subsection.3.9.2}{\376\377\0003\000.\0009\000.\0002\000\040\000M\000e\000m\000b\000e\000r\000\040\000D\000a\000t\000a\000\040\000D\000o\000c\000u\000m\000e\000n\000t\000a\000t\000i\000o\000n}{section.3.9}% 64
\BOOKMARK [3][-]{subsubsection.3.9.2.1}{\376\377\0003\000.\0009\000.\0002\000.\0001\000\040\000r\000e\000s\000o\000l\000v\000e}{subsection.3.9.2}% 65
\BOOKMARK [1][-]{section.3.10}{\376\377\0003\000.\0001\0000\000\040\000R\000e\000s\000o\000u\000r\000c\000e\000\040\000S\000t\000r\000u\000c\000t\000\040\000R\000e\000f\000e\000r\000e\000n\000c\000e}{chapter.3}% 66
\BOOKMARK [2][-]{subsection.3.10.1}{\376\377\0003\000.\0001\0000\000.\0001\000\040\000D\000e\000t\000a\000i\000l\000e\000d\000\040\000D\000e\000s\000c\000r\000i\000p\000t\000i\000o\000n}{section.3.10}% 67
\BOOKMARK [2][-]{subsection.3.10.2}{\376\377\0003\000.\0001\0000\000.\0002\000\040\000M\000e\000m\000b\000e\000r\000\040\000D\000a\000t\000a\000\040\000D\000o\000c\000u\000m\000e\000n\000t\000a\000t\000i\000o\000n}{section.3.10}% 68
\BOOKMARK [3][-]{subsubsection.3.10.2.1}{\376\377\0003\000.\0001\0000\000.\0002\000.\0001\000\040\000c\000a\000p\000a\000c\000i\000t\000y}{subsection.3.10.2}% 69
\BOOKMARK [3][-]{subsubsection.3.10.2.2}{\376\377\0003\000.\0001\0000\000.\0002\000.\0002\000\040\000r\000i\000d}{subsection.3.10.2}% 70
\BOOKMARK [1][-]{section.3.11}{\376\377\0003\000.\0001\0001\000\040\000S\000y\000s\000t\000e\000m\000S\000t\000a\000t\000e\000\040\000S\000t\000r\000u\000c\000t\000\040\000R\000e\000f\000e\000r\000e\000n\000c\000e}{chapter.3}% 71
\BOOKMARK [2][-]{subsection.3.11.1}{\376\377\0003\000.\0001\0001\000.\0001\000\040\000D\000e\000t\000a\000i\000l\000e\000d\000\040\000D\000e\000s\000c\000r\000i\000p\000t\000i\000o\000n}{section.3.11}% 72
\BOOKMARK [2][-]{subsection.3.11.2}{\376\377\0003\000.\0001\0001\000.\0002\000\040\000M\000e\000m\000b\000e\000r\000\040\000D\000a\000t\000a\000\040\000D\000o\000c\000u\000m\000e\000n\000t\000a\000t\000i\000o\000n}{section.3.11}% 73
\BOOKMARK [3][-]{subsubsection.3.11.2.1}{\376\377\0003\000.\0001\0001\000.\0002\000.\0001\000\040\000a\000l\000l\000o\000c}{subsection.3.11.2}% 74
\BOOKMARK [3][-]{subsubsection.3.11.2.2}{\376\377\0003\000.\0001\0001\000.\0002\000.\0002\000\040\000a\000v\000a\000i\000l}{subsection.3.11.2}% 75
\BOOKMARK [3][-]{subsubsection.3.11.2.3}{\376\377\0003\000.\0001\0001\000.\0002\000.\0003\000\040\000m\000a\000x\000c}{subsection.3.11.2}% 76
\BOOKMARK [3][-]{subsubsection.3.11.2.4}{\376\377\0003\000.\0001\0001\000.\0002\000.\0004\000\040\000n\000p\000r\000o\000c\000s}{subsection.3.11.2}% 77
\BOOKMARK [3][-]{subsubsection.3.11.2.5}{\376\377\0003\000.\0001\0001\000.\0002\000.\0005\000\040\000n\000r\000e\000s}{subsection.3.11.2}% 78
\BOOKMARK [3][-]{subsubsection.3.11.2.6}{\376\377\0003\000.\0001\0001\000.\0002\000.\0006\000\040\000p\000i\000d\000\137\000t\000o\000\137\000i\000d\000x}{subsection.3.11.2}% 79
\BOOKMARK [3][-]{subsubsection.3.11.2.7}{\376\377\0003\000.\0001\0001\000.\0002\000.\0007\000\040\000p\000r\000o\000c\000s}{subsection.3.11.2}% 80
\BOOKMARK [3][-]{subsubsection.3.11.2.8}{\376\377\0003\000.\0001\0001\000.\0002\000.\0008\000\040\000r\000e\000q}{subsection.3.11.2}% 81
\BOOKMARK [3][-]{subsubsection.3.11.2.9}{\376\377\0003\000.\0001\0001\000.\0002\000.\0009\000\040\000r\000e\000s}{subsection.3.11.2}% 82
\BOOKMARK [3][-]{subsubsection.3.11.2.10}{\376\377\0003\000.\0001\0001\000.\0002\000.\0001\0000\000\040\000r\000i\000d\000\137\000t\000o\000\137\000i\000d\000x}{subsection.3.11.2}% 83
\BOOKMARK [3][-]{subsubsection.3.11.2.11}{\376\377\0003\000.\0001\0001\000.\0002\000.\0001\0001\000\040\000t\000i\000m\000e}{subsection.3.11.2}% 84
\BOOKMARK [0][-]{chapter.4}{\376\377\0004\000\040\000F\000i\000l\000e\000\040\000D\000o\000c\000u\000m\000e\000n\000t\000a\000t\000i\000o\000n}{}% 85
\BOOKMARK [1][-]{section.4.1}{\376\377\0004\000.\0001\000\040\000s\000r\000c\000/\000c\000o\000r\000e\000/\000e\000n\000g\000i\000n\000e\000.\000c\000\040\000F\000i\000l\000e\000\040\000R\000e\000f\000e\000r\000e\000n\000c\000e}{chapter.4}% 86
\BOOKMARK [2][-]{subsection.4.1.1}{\376\377\0004\000.\0001\000.\0001\000\040\000F\000u\000n\000c\000t\000i\000o\000n\000\040\000D\000o\000c\000u\000m\000e\000n\000t\000a\000t\000i\000o\000n}{section.4.1}% 87
\BOOKMARK [3][-]{subsubsection.4.1.1.1}{\376\377\0004\000.\0001\000.\0001\000.\0001\000\040\000c\000m\000p\000\137\000e\000v\000\050\000\051}{subsection.4.1.1}% 88
\BOOKMARK [3][-]{subsubsection.4.1.1.2}{\376\377\0004\000.\0001\000.\0001\000.\0002\000\040\000d\000o\000\137\000d\000e\000a\000d\000l\000o\000c\000k\000\137\000c\000h\000e\000c\000k\000\050\000\051}{subsection.4.1.1}% 89
\BOOKMARK [3][-]{subsubsection.4.1.1.3}{\376\377\0004\000.\0001\000.\0001\000.\0003\000\040\000e\000n\000g\000i\000n\000e\000\137\000a\000d\000d\000\137\000e\000v\000e\000n\000t\000\050\000\051}{subsection.4.1.1}% 90
\BOOKMARK [3][-]{subsubsection.4.1.1.4}{\376\377\0004\000.\0001\000.\0001\000.\0004\000\040\000e\000n\000g\000i\000n\000e\000\137\000i\000n\000i\000t\000\050\000\051}{subsection.4.1.1}% 91
\BOOKMARK [3][-]{subsubsection.4.1.1.5}{\376\377\0004\000.\0001\000.\0001\000.\0005\000\040\000e\000n\000g\000i\000n\000e\000\137\000l\000o\000a\000d\000\137\000e\000v\000e\000n\000t\000s\000\050\000\051}{subsection.4.1.1}% 92
\BOOKMARK [3][-]{subsubsection.4.1.1.6}{\376\377\0004\000.\0001\000.\0001\000.\0006\000\040\000e\000n\000g\000i\000n\000e\000\137\000r\000u\000n\000\050\000\051}{subsection.4.1.1}% 93
\BOOKMARK [3][-]{subsubsection.4.1.1.7}{\376\377\0004\000.\0001\000.\0001\000.\0007\000\040\000e\000n\000g\000i\000n\000e\000\137\000s\000e\000t\000\137\000d\000e\000t\000e\000c\000t\000o\000r\000\050\000\051}{subsection.4.1.1}% 94
\BOOKMARK [3][-]{subsubsection.4.1.1.8}{\376\377\0004\000.\0001\000.\0001\000.\0008\000\040\000e\000n\000g\000i\000n\000e\000\137\000s\000e\000t\000\137\000p\000o\000l\000i\000c\000y\000\050\000\051}{subsection.4.1.1}% 95
\BOOKMARK [3][-]{subsubsection.4.1.1.9}{\376\377\0004\000.\0001\000.\0001\000.\0009\000\040\000e\000n\000g\000i\000n\000e\000\137\000s\000e\000t\000\137\000r\000e\000s\000o\000l\000v\000e\000r\000\050\000\051}{subsection.4.1.1}% 96
\BOOKMARK [3][-]{subsubsection.4.1.1.10}{\376\377\0004\000.\0001\000.\0001\000.\0001\0000\000\040\000h\000a\000n\000d\000l\000e\000\137\000a\000r\000r\000i\000v\000e\000\050\000\051}{subsection.4.1.1}% 97
\BOOKMARK [3][-]{subsubsection.4.1.1.11}{\376\377\0004\000.\0001\000.\0001\000.\0001\0001\000\040\000h\000a\000n\000d\000l\000e\000\137\000f\000i\000n\000i\000s\000h\000\050\000\051}{subsection.4.1.1}% 98
\BOOKMARK [3][-]{subsubsection.4.1.1.12}{\376\377\0004\000.\0001\000.\0001\000.\0001\0002\000\040\000h\000a\000n\000d\000l\000e\000\137\000r\000e\000l\000\050\000\051}{subsection.4.1.1}% 99
\BOOKMARK [3][-]{subsubsection.4.1.1.13}{\376\377\0004\000.\0001\000.\0001\000.\0001\0003\000\040\000h\000a\000n\000d\000l\000e\000\137\000r\000e\000q\000\050\000\051}{subsection.4.1.1}% 100
\BOOKMARK [3][-]{subsubsection.4.1.1.14}{\376\377\0004\000.\0001\000.\0001\000.\0001\0004\000\040\000s\000o\000r\000t\000\137\000q\000u\000e\000u\000e\000\050\000\051}{subsection.4.1.1}% 101
\BOOKMARK [3][-]{subsubsection.4.1.1.15}{\376\377\0004\000.\0001\000.\0001\000.\0001\0005\000\040\000t\000r\000y\000\137\000u\000n\000b\000l\000o\000c\000k\000\050\000\051}{subsection.4.1.1}% 102
\BOOKMARK [1][-]{section.4.2}{\376\377\0004\000.\0002\000\040\000e\000n\000g\000i\000n\000e\000.\000c}{chapter.4}% 103
\BOOKMARK [1][-]{section.4.3}{\376\377\0004\000.\0003\000\040\000s\000r\000c\000/\000c\000o\000r\000e\000/\000e\000n\000g\000i\000n\000e\000.\000h\000\040\000F\000i\000l\000e\000\040\000R\000e\000f\000e\000r\000e\000n\000c\000e}{chapter.4}% 104
\BOOKMARK [2][-]{subsection.4.3.1}{\376\377\0004\000.\0003\000.\0001\000\040\000F\000u\000n\000c\000t\000i\000o\000n\000\040\000D\000o\000c\000u\000m\000e\000n\000t\000a\000t\000i\000o\000n}{section.4.3}% 105
\BOOKMARK [3][-]{subsubsection.4.3.1.1}{\376\377\0004\000.\0003\000.\0001\000.\0001\000\040\000e\000n\000g\000i\000n\000e\000\137\000a\000d\000d\000\137\000e\000v\000e\000n\000t\000\050\000\051}{subsection.4.3.1}% 106
\BOOKMARK [3][-]{subsubsection.4.3.1.2}{\376\377\0004\000.\0003\000.\0001\000.\0002\000\040\000e\000n\000g\000i\000n\000e\000\137\000i\000n\000i\000t\000\050\000\051}{subsection.4.3.1}% 107
\BOOKMARK [3][-]{subsubsection.4.3.1.3}{\376\377\0004\000.\0003\000.\0001\000.\0003\000\040\000e\000n\000g\000i\000n\000e\000\137\000l\000o\000a\000d\000\137\000e\000v\000e\000n\000t\000s\000\050\000\051}{subsection.4.3.1}% 108
\BOOKMARK [3][-]{subsubsection.4.3.1.4}{\376\377\0004\000.\0003\000.\0001\000.\0004\000\040\000e\000n\000g\000i\000n\000e\000\137\000r\000u\000n\000\050\000\051}{subsection.4.3.1}% 109
\BOOKMARK [3][-]{subsubsection.4.3.1.5}{\376\377\0004\000.\0003\000.\0001\000.\0005\000\040\000e\000n\000g\000i\000n\000e\000\137\000s\000e\000t\000\137\000d\000e\000t\000e\000c\000t\000o\000r\000\050\000\051}{subsection.4.3.1}% 110
\BOOKMARK [3][-]{subsubsection.4.3.1.6}{\376\377\0004\000.\0003\000.\0001\000.\0006\000\040\000e\000n\000g\000i\000n\000e\000\137\000s\000e\000t\000\137\000p\000o\000l\000i\000c\000y\000\050\000\051}{subsection.4.3.1}% 111
\BOOKMARK [3][-]{subsubsection.4.3.1.7}{\376\377\0004\000.\0003\000.\0001\000.\0007\000\040\000e\000n\000g\000i\000n\000e\000\137\000s\000e\000t\000\137\000r\000e\000s\000o\000l\000v\000e\000r\000\050\000\051}{subsection.4.3.1}% 112
\BOOKMARK [1][-]{section.4.4}{\376\377\0004\000.\0004\000\040\000e\000n\000g\000i\000n\000e\000.\000h}{chapter.4}% 113
\BOOKMARK [1][-]{section.4.5}{\376\377\0004\000.\0005\000\040\000s\000r\000c\000/\000c\000o\000r\000e\000/\000m\000e\000t\000r\000i\000c\000s\000.\000c\000\040\000F\000i\000l\000e\000\040\000R\000e\000f\000e\000r\000e\000n\000c\000e}{chapter.4}% 114
\BOOKMARK [1][-]{section.4.6}{\376\377\0004\000.\0006\000\040\000m\000e\000t\000r\000i\000c\000s\000.\000c}{chapter.4}% 115
\BOOKMARK [1][-]{section.4.7}{\376\377\0004\000.\0007\000\040\000s\000r\000c\000/\000c\000o\000r\000e\000/\000m\000e\000t\000r\000i\000c\000s\000.\000h\000\040\000F\000i\000l\000e\000\040\000R\000e\000f\000e\000r\000e\000n\000c\000e}{chapter.4}% 116
\BOOKMARK [1][-]{section.4.8}{\376\377\0004\000.\0008\000\040\000m\000e\000t\000r\000i\000c\000s\000.\000h}{chapter.4}% 117
\BOOKMARK [1][-]{section.4.9}{\376\377\0004\000.\0009\000\040\000s\000r\000c\000/\000c\000o\000r\000e\000/\000m\000o\000d\000e\000l\000.\000c\000\040\000F\000i\000l\000e\000\040\000R\000e\000f\000e\000r\000e\000n\000c\000e}{chapter.4}% 118
\BOOKMARK [2][-]{subsection.4.9.1}{\376\377\0004\000.\0009\000.\0001\000\040\000F\000u\000n\000c\000t\000i\000o\000n\000\040\000D\000o\000c\000u\000m\000e\000n\000t\000a\000t\000i\000o\000n}{section.4.9}% 119
\BOOKMARK [3][-]{subsubsection.4.9.1.1}{\376\377\0004\000.\0009\000.\0001\000.\0001\000\040\000e\000n\000s\000u\000r\000e\000\137\000p\000r\000o\000c\000\050\000\051}{subsection.4.9.1}% 120
\BOOKMARK [3][-]{subsubsection.4.9.1.2}{\376\377\0004\000.\0009\000.\0001\000.\0002\000\040\000e\000n\000s\000u\000r\000e\000\137\000r\000e\000s\000\050\000\051}{subsection.4.9.1}% 121
\BOOKMARK [3][-]{subsubsection.4.9.1.3}{\376\377\0004\000.\0009\000.\0001\000.\0003\000\040\000p\000r\000o\000c\000\137\000a\000c\000t\000i\000v\000e\000\050\000\051}{subsection.4.9.1}% 122
\BOOKMARK [3][-]{subsubsection.4.9.1.4}{\376\377\0004\000.\0009\000.\0001\000.\0004\000\040\000s\000t\000a\000t\000e\000\137\000i\000n\000i\000t\000\050\000\051}{subsection.4.9.1}% 123
\BOOKMARK [1][-]{section.4.10}{\376\377\0004\000.\0001\0000\000\040\000m\000o\000d\000e\000l\000.\000c}{chapter.4}% 124
\BOOKMARK [1][-]{section.4.11}{\376\377\0004\000.\0001\0001\000\040\000s\000r\000c\000/\000c\000o\000r\000e\000/\000m\000o\000d\000e\000l\000.\000h\000\040\000F\000i\000l\000e\000\040\000R\000e\000f\000e\000r\000e\000n\000c\000e}{chapter.4}% 125
\BOOKMARK [2][-]{subsection.4.11.1}{\376\377\0004\000.\0001\0001\000.\0001\000\040\000M\000a\000c\000r\000o\000\040\000D\000e\000f\000i\000n\000i\000t\000i\000o\000n\000\040\000D\000o\000c\000u\000m\000e\000n\000t\000a\000t\000i\000o\000n}{section.4.11}% 126
\BOOKMARK [3][-]{subsubsection.4.11.1.1}{\376\377\0004\000.\0001\0001\000.\0001\000.\0001\000\040\000M\000A\000X\000\137\000P\000R\000O\000C\000S}{subsection.4.11.1}% 127
\BOOKMARK [3][-]{subsubsection.4.11.1.2}{\376\377\0004\000.\0001\0001\000.\0001\000.\0002\000\040\000M\000A\000X\000\137\000R\000E\000S}{subsection.4.11.1}% 128
\BOOKMARK [2][-]{subsection.4.11.2}{\376\377\0004\000.\0001\0001\000.\0002\000\040\000E\000n\000u\000m\000e\000r\000a\000t\000i\000o\000n\000\040\000T\000y\000p\000e\000\040\000D\000o\000c\000u\000m\000e\000n\000t\000a\000t\000i\000o\000n}{section.4.11}% 129
\BOOKMARK [3][-]{subsubsection.4.11.2.1}{\376\377\0004\000.\0001\0001\000.\0002\000.\0001\000\040\000P\000r\000o\000c\000S\000t\000a\000t\000e}{subsection.4.11.2}% 130
\BOOKMARK [2][-]{subsection.4.11.3}{\376\377\0004\000.\0001\0001\000.\0003\000\040\000F\000u\000n\000c\000t\000i\000o\000n\000\040\000D\000o\000c\000u\000m\000e\000n\000t\000a\000t\000i\000o\000n}{section.4.11}% 131
\BOOKMARK [3][-]{subsubsection.4.11.3.1}{\376\377\0004\000.\0001\0001\000.\0003\000.\0001\000\040\000e\000n\000s\000u\000r\000e\000\137\000p\000r\000o\000c\000\050\000\051}{subsection.4.11.3}% 132
\BOOKMARK [3][-]{subsubsection.4.11.3.2}{\376\377\0004\000.\0001\0001\000.\0003\000.\0002\000\040\000e\000n\000s\000u\000r\000e\000\137\000r\000e\000s\000\050\000\051}{subsection.4.11.3}% 133
\BOOKMARK [3][-]{subsubsection.4.11.3.3}{\376\377\0004\000.\0001\0001\000.\0003\000.\0003\000\040\000p\000r\000o\000c\000\137\000a\000c\000t\000i\000v\000e\000\050\000\051}{subsection.4.11.3}% 134
\BOOKMARK [3][-]{subsubsection.4.11.3.4}{\376\377\0004\000.\0001\0001\000.\0003\000.\0004\000\040\000s\000t\000a\000t\000e\000\137\000i\000n\000i\000t\000\050\000\051}{subsection.4.11.3}% 135
\BOOKMARK [1][-]{section.4.12}{\376\377\0004\000.\0001\0002\000\040\000m\000o\000d\000e\000l\000.\000h}{chapter.4}% 136
\BOOKMARK [1][-]{section.4.13}{\376\377\0004\000.\0001\0003\000\040\000s\000r\000c\000/\000c\000o\000r\000e\000/\000u\000t\000i\000l\000.\000c\000\040\000F\000i\000l\000e\000\040\000R\000e\000f\000e\000r\000e\000n\000c\000e}{chapter.4}% 137
\BOOKMARK [2][-]{subsection.4.13.1}{\376\377\0004\000.\0001\0003\000.\0001\000\040\000F\000u\000n\000c\000t\000i\000o\000n\000\040\000D\000o\000c\000u\000m\000e\000n\000t\000a\000t\000i\000o\000n}{section.4.13}% 138
\BOOKMARK [3][-]{subsubsection.4.13.1.1}{\376\377\0004\000.\0001\0003\000.\0001\000.\0001\000\040\000s\000p\000l\000i\000t\000\137\000c\000s\000v\000\050\000\051}{subsection.4.13.1}% 139
\BOOKMARK [3][-]{subsubsection.4.13.1.2}{\376\377\0004\000.\0001\0003\000.\0001\000.\0002\000\040\000s\000t\000r\000\137\000e\000q\000\050\000\051}{subsection.4.13.1}% 140
\BOOKMARK [3][-]{subsubsection.4.13.1.3}{\376\377\0004\000.\0001\0003\000.\0001\000.\0003\000\040\000t\000o\000\137\000i\000n\000t\000\050\000\051}{subsection.4.13.1}% 141
\BOOKMARK [3][-]{subsubsection.4.13.1.4}{\376\377\0004\000.\0001\0003\000.\0001\000.\0004\000\040\000t\000r\000i\000m\000\050\000\051}{subsection.4.13.1}% 142
\BOOKMARK [1][-]{section.4.14}{\376\377\0004\000.\0001\0004\000\040\000u\000t\000i\000l\000.\000c}{chapter.4}% 143
\BOOKMARK [1][-]{section.4.15}{\376\377\0004\000.\0001\0005\000\040\000s\000r\000c\000/\000c\000o\000r\000e\000/\000u\000t\000i\000l\000.\000h\000\040\000F\000i\000l\000e\000\040\000R\000e\000f\000e\000r\000e\000n\000c\000e}{chapter.4}% 144
\BOOKMARK [2][-]{subsection.4.15.1}{\376\377\0004\000.\0001\0005\000.\0001\000\040\000F\000u\000n\000c\000t\000i\000o\000n\000\040\000D\000o\000c\000u\000m\000e\000n\000t\000a\000t\000i\000o\000n}{section.4.15}% 145
\BOOKMARK [3][-]{subsubsection.4.15.1.1}{\376\377\0004\000.\0001\0005\000.\0001\000.\0001\000\040\000s\000p\000l\000i\000t\000\137\000c\000s\000v\000\050\000\051}{subsection.4.15.1}% 146
\BOOKMARK [3][-]{subsubsection.4.15.1.2}{\376\377\0004\000.\0001\0005\000.\0001\000.\0002\000\040\000s\000t\000r\000\137\000e\000q\000\050\000\051}{subsection.4.15.1}% 147
\BOOKMARK [3][-]{subsubsection.4.15.1.3}{\376\377\0004\000.\0001\0005\000.\0001\000.\0003\000\040\000t\000o\000\137\000i\000n\000t\000\050\000\051}{subsection.4.15.1}% 148
\BOOKMARK [1][-]{section.4.16}{\376\377\0004\000.\0001\0006\000\040\000u\000t\000i\000l\000.\000h}{chapter.4}% 149
\BOOKMARK [1][-]{section.4.17}{\376\377\0004\000.\0001\0007\000\040\000s\000r\000c\000/\000c\000o\000r\000e\000/\000w\000o\000r\000k\000l\000o\000a\000d\000.\000c\000\040\000F\000i\000l\000e\000\040\000R\000e\000f\000e\000r\000e\000n\000c\000e}{chapter.4}% 150
\BOOKMARK [2][-]{subsection.4.17.1}{\376\377\0004\000.\0001\0007\000.\0001\000\040\000F\000u\000n\000c\000t\000i\000o\000n\000\040\000D\000o\000c\000u\000m\000e\000n\000t\000a\000t\000i\000o\000n}{section.4.17}% 151
\BOOKMARK [3][-]{subsubsection.4.17.1.1}{\376\377\0004\000.\0001\0007\000.\0001\000.\0001\000\040\000e\000v\000e\000n\000t\000\137\000t\000y\000p\000e\000\137\000n\000a\000m\000e\000\050\000\051}{subsection.4.17.1}% 152
\BOOKMARK [3][-]{subsubsection.4.17.1.2}{\376\377\0004\000.\0001\0007\000.\0001\000.\0002\000\040\000l\000o\000a\000d\000\137\000w\000o\000r\000k\000l\000o\000a\000d\000\137\000c\000s\000v\000\050\000\051}{subsection.4.17.1}% 153
\BOOKMARK [3][-]{subsubsection.4.17.1.3}{\376\377\0004\000.\0001\0007\000.\0001\000.\0003\000\040\000p\000a\000r\000s\000e\000\137\000e\000v\000e\000n\000t\000\137\000t\000y\000p\000e\000\050\000\051}{subsection.4.17.1}% 154
\BOOKMARK [1][-]{section.4.18}{\376\377\0004\000.\0001\0008\000\040\000w\000o\000r\000k\000l\000o\000a\000d\000.\000c}{chapter.4}% 155
\BOOKMARK [1][-]{section.4.19}{\376\377\0004\000.\0001\0009\000\040\000s\000r\000c\000/\000c\000o\000r\000e\000/\000w\000o\000r\000k\000l\000o\000a\000d\000.\000h\000\040\000F\000i\000l\000e\000\040\000R\000e\000f\000e\000r\000e\000n\000c\000e}{chapter.4}% 156
\BOOKMARK [2][-]{subsection.4.19.1}{\376\377\0004\000.\0001\0009\000.\0001\000\040\000E\000n\000u\000m\000e\000r\000a\000t\000i\000o\000n\000\040\000T\000y\000p\000e\000\040\000D\000o\000c\000u\000m\000e\000n\000t\000a\000t\000i\000o\000n}{section.4.19}% 157
\BOOKMARK [3][-]{subsubsection.4.19.1.1}{\376\377\0004\000.\0001\0009\000.\0001\000.\0001\000\040\000E\000v\000e\000n\000t\000T\000y\000p\000e}{subsection.4.19.1}% 158
\BOOKMARK [2][-]{subsection.4.19.2}{\376\377\0004\000.\0001\0009\000.\0002\000\040\000F\000u\000n\000c\000t\000i\000o\000n\000\040\000D\000o\000c\000u\000m\000e\000n\000t\000a\000t\000i\000o\000n}{section.4.19}% 159
\BOOKMARK [3][-]{subsubsection.4.19.2.1}{\376\377\0004\000.\0001\0009\000.\0002\000.\0001\000\040\000e\000v\000e\000n\000t\000\137\000t\000y\000p\000e\000\137\000n\000a\000m\000e\000\050\000\051}{subsection.4.19.2}% 160
\BOOKMARK [3][-]{subsubsection.4.19.2.2}{\376\377\0004\000.\0001\0009\000.\0002\000.\0002\000\040\000l\000o\000a\000d\000\137\000w\000o\000r\000k\000l\000o\000a\000d\000\137\000c\000s\000v\000\050\000\051}{subsection.4.19.2}% 161
\BOOKMARK [3][-]{subsubsection.4.19.2.3}{\376\377\0004\000.\0001\0009\000.\0002\000.\0003\000\040\000p\000a\000r\000s\000e\000\137\000e\000v\000e\000n\000t\000\137\000t\000y\000p\000e\000\050\000\051}{subsection.4.19.2}% 162
\BOOKMARK [1][-]{section.4.20}{\376\377\0004\000.\0002\0000\000\040\000w\000o\000r\000k\000l\000o\000a\000d\000.\000h}{chapter.4}% 163
\BOOKMARK [1][-]{section.4.21}{\376\377\0004\000.\0002\0001\000\040\000s\000r\000c\000/\000m\000a\000i\000n\000.\000c\000\040\000F\000i\000l\000e\000\040\000R\000e\000f\000e\000r\000e\000n\000c\000e}{chapter.4}% 164
\BOOKMARK [2][-]{subsection.4.21.1}{\376\377\0004\000.\0002\0001\000.\0001\000\040\000F\000u\000n\000c\000t\000i\000o\000n\000\040\000D\000o\000c\000u\000m\000e\000n\000t\000a\000t\000i\000o\000n}{section.4.21}% 165
\BOOKMARK [3][-]{subsubsection.4.21.1.1}{\376\377\0004\000.\0002\0001\000.\0001\000.\0001\000\040\000a\000r\000g\000v\000a\000l\000\050\000\051}{subsection.4.21.1}% 166
\BOOKMARK [3][-]{subsubsection.4.21.1.2}{\376\377\0004\000.\0002\0001\000.\0001\000.\0002\000\040\000m\000a\000i\000n\000\050\000\051}{subsection.4.21.1}% 167
\BOOKMARK [1][-]{section.4.22}{\376\377\0004\000.\0002\0002\000\040\000m\000a\000i\000n\000.\000c}{chapter.4}% 168
\BOOKMARK [1][-]{section.4.23}{\376\377\0004\000.\0002\0003\000\040\000s\000r\000c\000/\000p\000o\000l\000i\000c\000i\000e\000s\000/\000a\000v\000o\000i\000d\000a\000n\000c\000e\000\137\000n\000o\000h\000o\000l\000d\000.\000c\000\040\000F\000i\000l\000e\000\040\000R\000e\000f\000e\000r\000e\000n\000c\000e}{chapter.4}% 169
\BOOKMARK [2][-]{subsection.4.23.1}{\376\377\0004\000.\0002\0003\000.\0001\000\040\000F\000u\000n\000c\000t\000i\000o\000n\000\040\000D\000o\000c\000u\000m\000e\000n\000t\000a\000t\000i\000o\000n}{section.4.23}% 170
\BOOKMARK [3][-]{subsubsection.4.23.1.1}{\376\377\0004\000.\0002\0003\000.\0001\000.\0001\000\040\000o\000n\000\137\000r\000e\000q\000u\000e\000s\000t\000\137\000i\000m\000p\000l\000\050\000\051}{subsection.4.23.1}% 171
\BOOKMARK [3][-]{subsubsection.4.23.1.2}{\376\377\0004\000.\0002\0003\000.\0001\000.\0002\000\040\000p\000o\000l\000i\000c\000y\000\137\000a\000v\000o\000i\000d\000\137\000n\000o\000h\000o\000l\000d\000\050\000\051}{subsection.4.23.1}% 172
\BOOKMARK [1][-]{section.4.24}{\376\377\0004\000.\0002\0004\000\040\000a\000v\000o\000i\000d\000a\000n\000c\000e\000\137\000n\000o\000h\000o\000l\000d\000.\000c}{chapter.4}% 173
\BOOKMARK [1][-]{section.4.25}{\376\377\0004\000.\0002\0005\000\040\000s\000r\000c\000/\000p\000o\000l\000i\000c\000i\000e\000s\000/\000a\000v\000o\000i\000d\000a\000n\000c\000e\000\137\000n\000o\000h\000o\000l\000d\000.\000h\000\040\000F\000i\000l\000e\000\040\000R\000e\000f\000e\000r\000e\000n\000c\000e}{chapter.4}% 174
\BOOKMARK [2][-]{subsection.4.25.1}{\376\377\0004\000.\0002\0005\000.\0001\000\040\000F\000u\000n\000c\000t\000i\000o\000n\000\040\000D\000o\000c\000u\000m\000e\000n\000t\000a\000t\000i\000o\000n}{section.4.25}% 175
\BOOKMARK [3][-]{subsubsection.4.25.1.1}{\376\377\0004\000.\0002\0005\000.\0001\000.\0001\000\040\000p\000o\000l\000i\000c\000y\000\137\000a\000v\000o\000i\000d\000\137\000n\000o\000h\000o\000l\000d\000\050\000\051}{subsection.4.25.1}% 176
\BOOKMARK [1][-]{section.4.26}{\376\377\0004\000.\0002\0006\000\040\000a\000v\000o\000i\000d\000a\000n\000c\000e\000\137\000n\000o\000h\000o\000l\000d\000.\000h}{chapter.4}% 177
\BOOKMARK [1][-]{section.4.27}{\376\377\0004\000.\0002\0007\000\040\000s\000r\000c\000/\000p\000o\000l\000i\000c\000i\000e\000s\000/\000a\000v\000o\000i\000d\000a\000n\000c\000e\000\137\000o\000r\000d\000e\000r\000i\000n\000g\000.\000c\000\040\000F\000i\000l\000e\000\040\000R\000e\000f\000e\000r\000e\000n\000c\000e}{chapter.4}% 178
\BOOKMARK [2][-]{subsection.4.27.1}{\376\377\0004\000.\0002\0007\000.\0001\000\040\000F\000u\000n\000c\000t\000i\000o\000n\000\040\000D\000o\000c\000u\000m\000e\000n\000t\000a\000t\000i\000o\000n}{section.4.27}% 179
\BOOKMARK [3][-]{subsubsection.4.27.1.1}{\376\377\0004\000.\0002\0007\000.\0001\000.\0001\000\040\000o\000n\000\137\000r\000e\000q\000u\000e\000s\000t\000\137\000i\000m\000p\000l\000\050\000\051}{subsection.4.27.1}% 180
\BOOKMARK [3][-]{subsubsection.4.27.1.2}{\376\377\0004\000.\0002\0007\000.\0001\000.\0002\000\040\000p\000o\000l\000i\000c\000y\000\137\000a\000v\000o\000i\000d\000\137\000o\000r\000d\000e\000r\000i\000n\000g\000\050\000\051}{subsection.4.27.1}% 181
\BOOKMARK [1][-]{section.4.28}{\376\377\0004\000.\0002\0008\000\040\000a\000v\000o\000i\000d\000a\000n\000c\000e\000\137\000o\000r\000d\000e\000r\000i\000n\000g\000.\000c}{chapter.4}% 182
\BOOKMARK [1][-]{section.4.29}{\376\377\0004\000.\0002\0009\000\040\000s\000r\000c\000/\000p\000o\000l\000i\000c\000i\000e\000s\000/\000a\000v\000o\000i\000d\000a\000n\000c\000e\000\137\000o\000r\000d\000e\000r\000i\000n\000g\000.\000h\000\040\000F\000i\000l\000e\000\040\000R\000e\000f\000e\000r\000e\000n\000c\000e}{chapter.4}% 183
\BOOKMARK [2][-]{subsection.4.29.1}{\376\377\0004\000.\0002\0009\000.\0001\000\040\000F\000u\000n\000c\000t\000i\000o\000n\000\040\000D\000o\000c\000u\000m\000e\000n\000t\000a\000t\000i\000o\000n}{section.4.29}% 184
\BOOKMARK [3][-]{subsubsection.4.29.1.1}{\376\377\0004\000.\0002\0009\000.\0001\000.\0001\000\040\000p\000o\000l\000i\000c\000y\000\137\000a\000v\000o\000i\000d\000\137\000o\000r\000d\000e\000r\000i\000n\000g\000\050\000\051}{subsection.4.29.1}% 185
\BOOKMARK [1][-]{section.4.30}{\376\377\0004\000.\0003\0000\000\040\000a\000v\000o\000i\000d\000a\000n\000c\000e\000\137\000o\000r\000d\000e\000r\000i\000n\000g\000.\000h}{chapter.4}% 186
\BOOKMARK [1][-]{section.4.31}{\376\377\0004\000.\0003\0001\000\040\000s\000r\000c\000/\000p\000o\000l\000i\000c\000i\000e\000s\000/\000a\000v\000o\000i\000d\000a\000n\000c\000e\000\137\000p\000r\000e\000e\000m\000p\000t\000.\000c\000\040\000F\000i\000l\000e\000\040\000R\000e\000f\000e\000r\000e\000n\000c\000e}{chapter.4}% 187
\BOOKMARK [2][-]{subsection.4.31.1}{\376\377\0004\000.\0003\0001\000.\0001\000\040\000F\000u\000n\000c\000t\000i\000o\000n\000\040\000D\000o\000c\000u\000m\000e\000n\000t\000a\000t\000i\000o\000n}{section.4.31}% 188
\BOOKMARK [3][-]{subsubsection.4.31.1.1}{\376\377\0004\000.\0003\0001\000.\0001\000.\0001\000\040\000o\000n\000\137\000r\000e\000q\000u\000e\000s\000t\000\137\000i\000m\000p\000l\000\050\000\051}{subsection.4.31.1}% 189
\BOOKMARK [3][-]{subsubsection.4.31.1.2}{\376\377\0004\000.\0003\0001\000.\0001\000.\0002\000\040\000p\000o\000l\000i\000c\000y\000\137\000a\000v\000o\000i\000d\000\137\000p\000r\000e\000e\000m\000p\000t\000\050\000\051}{subsection.4.31.1}% 190
\BOOKMARK [1][-]{section.4.32}{\376\377\0004\000.\0003\0002\000\040\000a\000v\000o\000i\000d\000a\000n\000c\000e\000\137\000p\000r\000e\000e\000m\000p\000t\000.\000c}{chapter.4}% 191
\BOOKMARK [1][-]{section.4.33}{\376\377\0004\000.\0003\0003\000\040\000s\000r\000c\000/\000p\000o\000l\000i\000c\000i\000e\000s\000/\000a\000v\000o\000i\000d\000a\000n\000c\000e\000\137\000p\000r\000e\000e\000m\000p\000t\000.\000h\000\040\000F\000i\000l\000e\000\040\000R\000e\000f\000e\000r\000e\000n\000c\000e}{chapter.4}% 192
\BOOKMARK [2][-]{subsection.4.33.1}{\376\377\0004\000.\0003\0003\000.\0001\000\040\000F\000u\000n\000c\000t\000i\000o\000n\000\040\000D\000o\000c\000u\000m\000e\000n\000t\000a\000t\000i\000o\000n}{section.4.33}% 193
\BOOKMARK [3][-]{subsubsection.4.33.1.1}{\376\377\0004\000.\0003\0003\000.\0001\000.\0001\000\040\000p\000o\000l\000i\000c\000y\000\137\000a\000v\000o\000i\000d\000\137\000p\000r\000e\000e\000m\000p\000t\000\050\000\051}{subsection.4.33.1}% 194
\BOOKMARK [1][-]{section.4.34}{\376\377\0004\000.\0003\0004\000\040\000a\000v\000o\000i\000d\000a\000n\000c\000e\000\137\000p\000r\000e\000e\000m\000p\000t\000.\000h}{chapter.4}% 195
\BOOKMARK [1][-]{section.4.35}{\376\377\0004\000.\0003\0005\000\040\000s\000r\000c\000/\000p\000o\000l\000i\000c\000i\000e\000s\000/\000d\000e\000t\000e\000c\000t\000o\000r\000\137\000m\000a\000t\000r\000i\000x\000.\000c\000\040\000F\000i\000l\000e\000\040\000R\000e\000f\000e\000r\000e\000n\000c\000e}{chapter.4}% 196
\BOOKMARK [2][-]{subsection.4.35.1}{\376\377\0004\000.\0003\0005\000.\0001\000\040\000F\000u\000n\000c\000t\000i\000o\000n\000\040\000D\000o\000c\000u\000m\000e\000n\000t\000a\000t\000i\000o\000n}{section.4.35}% 197
\BOOKMARK [3][-]{subsubsection.4.35.1.1}{\376\377\0004\000.\0003\0005\000.\0001\000.\0001\000\040\000d\000e\000t\000e\000c\000t\000\137\000i\000m\000p\000l\000\050\000\051}{subsection.4.35.1}% 198
\BOOKMARK [3][-]{subsubsection.4.35.1.2}{\376\377\0004\000.\0003\0005\000.\0001\000.\0002\000\040\000d\000e\000t\000e\000c\000t\000o\000r\000\137\000m\000a\000t\000r\000i\000x\000\050\000\051}{subsection.4.35.1}% 199
\BOOKMARK [3][-]{subsubsection.4.35.1.3}{\376\377\0004\000.\0003\0005\000.\0001\000.\0003\000\040\000l\000e\000q\000\137\000n\000e\000e\000d\000\050\000\051}{subsection.4.35.1}% 200
\BOOKMARK [1][-]{section.4.36}{\376\377\0004\000.\0003\0006\000\040\000d\000e\000t\000e\000c\000t\000o\000r\000\137\000m\000a\000t\000r\000i\000x\000.\000c}{chapter.4}% 201
\BOOKMARK [1][-]{section.4.37}{\376\377\0004\000.\0003\0007\000\040\000s\000r\000c\000/\000p\000o\000l\000i\000c\000i\000e\000s\000/\000d\000e\000t\000e\000c\000t\000o\000r\000\137\000m\000a\000t\000r\000i\000x\000.\000h\000\040\000F\000i\000l\000e\000\040\000R\000e\000f\000e\000r\000e\000n\000c\000e}{chapter.4}% 202
\BOOKMARK [2][-]{subsection.4.37.1}{\376\377\0004\000.\0003\0007\000.\0001\000\040\000F\000u\000n\000c\000t\000i\000o\000n\000\040\000D\000o\000c\000u\000m\000e\000n\000t\000a\000t\000i\000o\000n}{section.4.37}% 203
\BOOKMARK [3][-]{subsubsection.4.37.1.1}{\376\377\0004\000.\0003\0007\000.\0001\000.\0001\000\040\000d\000e\000t\000e\000c\000t\000o\000r\000\137\000m\000a\000t\000r\000i\000x\000\050\000\051}{subsection.4.37.1}% 204
\BOOKMARK [1][-]{section.4.38}{\376\377\0004\000.\0003\0008\000\040\000d\000e\000t\000e\000c\000t\000o\000r\000\137\000m\000a\000t\000r\000i\000x\000.\000h}{chapter.4}% 205
\BOOKMARK [1][-]{section.4.39}{\376\377\0004\000.\0003\0009\000\040\000s\000r\000c\000/\000p\000o\000l\000i\000c\000i\000e\000s\000/\000d\000e\000t\000e\000c\000t\000o\000r\000\137\000w\000f\000g\000.\000c\000\040\000F\000i\000l\000e\000\040\000R\000e\000f\000e\000r\000e\000n\000c\000e}{chapter.4}% 206
\BOOKMARK [2][-]{subsection.4.39.1}{\376\377\0004\000.\0003\0009\000.\0001\000\040\000F\000u\000n\000c\000t\000i\000o\000n\000\040\000D\000o\000c\000u\000m\000e\000n\000t\000a\000t\000i\000o\000n}{section.4.39}% 207
\BOOKMARK [3][-]{subsubsection.4.39.1.1}{\376\377\0004\000.\0003\0009\000.\0001\000.\0001\000\040\000d\000e\000t\000e\000c\000t\000\137\000i\000m\000p\000l\000\050\000\051}{subsection.4.39.1}% 208
\BOOKMARK [3][-]{subsubsection.4.39.1.2}{\376\377\0004\000.\0003\0009\000.\0001\000.\0002\000\040\000d\000e\000t\000e\000c\000t\000o\000r\000\137\000w\000f\000g\000\050\000\051}{subsection.4.39.1}% 209
\BOOKMARK [1][-]{section.4.40}{\376\377\0004\000.\0004\0000\000\040\000d\000e\000t\000e\000c\000t\000o\000r\000\137\000w\000f\000g\000.\000c}{chapter.4}% 210
\BOOKMARK [1][-]{section.4.41}{\376\377\0004\000.\0004\0001\000\040\000s\000r\000c\000/\000p\000o\000l\000i\000c\000i\000e\000s\000/\000d\000e\000t\000e\000c\000t\000o\000r\000\137\000w\000f\000g\000.\000h\000\040\000F\000i\000l\000e\000\040\000R\000e\000f\000e\000r\000e\000n\000c\000e}{chapter.4}% 211
\BOOKMARK [2][-]{subsection.4.41.1}{\376\377\0004\000.\0004\0001\000.\0001\000\040\000F\000u\000n\000c\000t\000i\000o\000n\000\040\000D\000o\000c\000u\000m\000e\000n\000t\000a\000t\000i\000o\000n}{section.4.41}% 212
\BOOKMARK [3][-]{subsubsection.4.41.1.1}{\376\377\0004\000.\0004\0001\000.\0001\000.\0001\000\040\000d\000e\000t\000e\000c\000t\000o\000r\000\137\000w\000f\000g\000\050\000\051}{subsection.4.41.1}% 213
\BOOKMARK [1][-]{section.4.42}{\376\377\0004\000.\0004\0002\000\040\000d\000e\000t\000e\000c\000t\000o\000r\000\137\000w\000f\000g\000.\000h}{chapter.4}% 214
\BOOKMARK [1][-]{section.4.43}{\376\377\0004\000.\0004\0003\000\040\000s\000r\000c\000/\000p\000o\000l\000i\000c\000i\000e\000s\000/\000p\000o\000l\000i\000c\000y\000.\000h\000\040\000F\000i\000l\000e\000\040\000R\000e\000f\000e\000r\000e\000n\000c\000e}{chapter.4}% 215
\BOOKMARK [2][-]{subsection.4.43.1}{\376\377\0004\000.\0004\0003\000.\0001\000\040\000E\000n\000u\000m\000e\000r\000a\000t\000i\000o\000n\000\040\000T\000y\000p\000e\000\040\000D\000o\000c\000u\000m\000e\000n\000t\000a\000t\000i\000o\000n}{section.4.43}% 216
\BOOKMARK [3][-]{subsubsection.4.43.1.1}{\376\377\0004\000.\0004\0003\000.\0001\000.\0001\000\040\000D\000e\000c\000i\000s\000i\000o\000n}{subsection.4.43.1}% 217
\BOOKMARK [1][-]{section.4.44}{\376\377\0004\000.\0004\0004\000\040\000p\000o\000l\000i\000c\000y\000.\000h}{chapter.4}% 218
\BOOKMARK [1][-]{section.4.45}{\376\377\0004\000.\0004\0005\000\040\000s\000r\000c\000/\000p\000o\000l\000i\000c\000i\000e\000s\000/\000p\000r\000e\000v\000e\000n\000t\000i\000o\000n\000\137\000b\000a\000n\000k\000e\000r\000.\000c\000\040\000F\000i\000l\000e\000\040\000R\000e\000f\000e\000r\000e\000n\000c\000e}{chapter.4}% 219
\BOOKMARK [2][-]{subsection.4.45.1}{\376\377\0004\000.\0004\0005\000.\0001\000\040\000F\000u\000n\000c\000t\000i\000o\000n\000\040\000D\000o\000c\000u\000m\000e\000n\000t\000a\000t\000i\000o\000n}{section.4.45}% 220
\BOOKMARK [3][-]{subsubsection.4.45.1.1}{\376\377\0004\000.\0004\0005\000.\0001\000.\0001\000\040\000o\000n\000\137\000r\000e\000q\000u\000e\000s\000t\000\137\000i\000m\000p\000l\000\050\000\051}{subsection.4.45.1}% 221
\BOOKMARK [3][-]{subsubsection.4.45.1.2}{\376\377\0004\000.\0004\0005\000.\0001\000.\0002\000\040\000p\000o\000l\000i\000c\000y\000\137\000b\000a\000n\000k\000e\000r\000\050\000\051}{subsection.4.45.1}% 222
\BOOKMARK [3][-]{subsubsection.4.45.1.3}{\376\377\0004\000.\0004\0005\000.\0001\000.\0003\000\040\000s\000a\000f\000e\000t\000y\000\137\000c\000h\000e\000c\000k\000\050\000\051}{subsection.4.45.1}% 223
\BOOKMARK [1][-]{section.4.46}{\376\377\0004\000.\0004\0006\000\040\000p\000r\000e\000v\000e\000n\000t\000i\000o\000n\000\137\000b\000a\000n\000k\000e\000r\000.\000c}{chapter.4}% 224
\BOOKMARK [1][-]{section.4.47}{\376\377\0004\000.\0004\0007\000\040\000s\000r\000c\000/\000p\000o\000l\000i\000c\000i\000e\000s\000/\000p\000r\000e\000v\000e\000n\000t\000i\000o\000n\000\137\000b\000a\000n\000k\000e\000r\000.\000h\000\040\000F\000i\000l\000e\000\040\000R\000e\000f\000e\000r\000e\000n\000c\000e}{chapter.4}% 225
\BOOKMARK [2][-]{subsection.4.47.1}{\376\377\0004\000.\0004\0007\000.\0001\000\040\000F\000u\000n\000c\000t\000i\000o\000n\000\040\000D\000o\000c\000u\000m\000e\000n\000t\000a\000t\000i\000o\000n}{section.4.47}% 226
\BOOKMARK [3][-]{subsubsection.4.47.1.1}{\376\377\0004\000.\0004\0007\000.\0001\000.\0001\000\040\000p\000o\000l\000i\000c\000y\000\137\000b\000a\000n\000k\000e\000r\000\050\000\051}{subsection.4.47.1}% 227
\BOOKMARK [1][-]{section.4.48}{\376\377\0004\000.\0004\0008\000\040\000p\000r\000e\000v\000e\000n\000t\000i\000o\000n\000\137\000b\000a\000n\000k\000e\000r\000.\000h}{chapter.4}% 228
\BOOKMARK [1][-]{section.4.49}{\376\377\0004\000.\0004\0009\000\040\000s\000r\000c\000/\000p\000o\000l\000i\000c\000i\000e\000s\000/\000r\000e\000s\000o\000l\000v\000e\000r\000\137\000a\000b\000o\000r\000t\000.\000c\000\040\000F\000i\000l\000e\000\040\000R\000e\000f\000e\000r\000e\000n\000c\000e}{chapter.4}% 229
\BOOKMARK [2][-]{subsection.4.49.1}{\376\377\0004\000.\0004\0009\000.\0001\000\040\000F\000u\000n\000c\000t\000i\000o\000n\000\040\000D\000o\000c\000u\000m\000e\000n\000t\000a\000t\000i\000o\000n}{section.4.49}% 230
\BOOKMARK [3][-]{subsubsection.4.49.1.1}{\376\377\0004\000.\0004\0009\000.\0001\000.\0001\000\040\000h\000e\000l\000d\000\137\000t\000o\000t\000a\000l\000\050\000\051}{subsection.4.49.1}% 231
\BOOKMARK [3][-]{subsubsection.4.49.1.2}{\376\377\0004\000.\0004\0009\000.\0001\000.\0002\000\040\000r\000e\000s\000o\000l\000v\000e\000\137\000i\000m\000p\000l\000\050\000\051}{subsection.4.49.1}% 232
\BOOKMARK [3][-]{subsubsection.4.49.1.3}{\376\377\0004\000.\0004\0009\000.\0001\000.\0003\000\040\000r\000e\000s\000o\000l\000v\000e\000r\000\137\000a\000b\000o\000r\000t\000\050\000\051}{subsection.4.49.1}% 233
\BOOKMARK [1][-]{section.4.50}{\376\377\0004\000.\0005\0000\000\040\000r\000e\000s\000o\000l\000v\000e\000r\000\137\000a\000b\000o\000r\000t\000.\000c}{chapter.4}% 234
\BOOKMARK [1][-]{section.4.51}{\376\377\0004\000.\0005\0001\000\040\000s\000r\000c\000/\000p\000o\000l\000i\000c\000i\000e\000s\000/\000r\000e\000s\000o\000l\000v\000e\000r\000\137\000a\000b\000o\000r\000t\000.\000h\000\040\000F\000i\000l\000e\000\040\000R\000e\000f\000e\000r\000e\000n\000c\000e}{chapter.4}% 235
\BOOKMARK [2][-]{subsection.4.51.1}{\376\377\0004\000.\0005\0001\000.\0001\000\040\000F\000u\000n\000c\000t\000i\000o\000n\000\040\000D\000o\000c\000u\000m\000e\000n\000t\000a\000t\000i\000o\000n}{section.4.51}% 236
\BOOKMARK [3][-]{subsubsection.4.51.1.1}{\376\377\0004\000.\0005\0001\000.\0001\000.\0001\000\040\000r\000e\000s\000o\000l\000v\000e\000r\000\137\000a\000b\000o\000r\000t\000\050\000\051}{subsection.4.51.1}% 237
\BOOKMARK [1][-]{section.4.52}{\376\377\0004\000.\0005\0002\000\040\000r\000e\000s\000o\000l\000v\000e\000r\000\137\000a\000b\000o\000r\000t\000.\000h}{chapter.4}% 238
\BOOKMARK [1][-]{section.4.53}{\376\377\0004\000.\0005\0003\000\040\000s\000r\000c\000/\000p\000o\000l\000i\000c\000i\000e\000s\000/\000r\000e\000s\000o\000l\000v\000e\000r\000\137\000r\000o\000l\000l\000b\000a\000c\000k\000.\000c\000\040\000F\000i\000l\000e\000\040\000R\000e\000f\000e\000r\000e\000n\000c\000e}{chapter.4}% 239
\BOOKMARK [2][-]{subsection.4.53.1}{\376\377\0004\000.\0005\0003\000.\0001\000\040\000F\000u\000n\000c\000t\000i\000o\000n\000\040\000D\000o\000c\000u\000m\000e\000n\000t\000a\000t\000i\000o\000n}{section.4.53}% 240
\BOOKMARK [3][-]{subsubsection.4.53.1.1}{\376\377\0004\000.\0005\0003\000.\0001\000.\0001\000\040\000r\000e\000s\000o\000l\000v\000e\000\137\000i\000m\000p\000l\000\050\000\051}{subsection.4.53.1}% 241
\BOOKMARK [3][-]{subsubsection.4.53.1.2}{\376\377\0004\000.\0005\0003\000.\0001\000.\0002\000\040\000r\000e\000s\000o\000l\000v\000e\000r\000\137\000r\000o\000l\000l\000b\000a\000c\000k\000\050\000\051}{subsection.4.53.1}% 242
\BOOKMARK [1][-]{section.4.54}{\376\377\0004\000.\0005\0004\000\040\000r\000e\000s\000o\000l\000v\000e\000r\000\137\000r\000o\000l\000l\000b\000a\000c\000k\000.\000c}{chapter.4}% 243
\BOOKMARK [1][-]{section.4.55}{\376\377\0004\000.\0005\0005\000\040\000s\000r\000c\000/\000p\000o\000l\000i\000c\000i\000e\000s\000/\000r\000e\000s\000o\000l\000v\000e\000r\000\137\000r\000o\000l\000l\000b\000a\000c\000k\000.\000h\000\040\000F\000i\000l\000e\000\040\000R\000e\000f\000e\000r\000e\000n\000c\000e}{chapter.4}% 244
\BOOKMARK [2][-]{subsection.4.55.1}{\376\377\0004\000.\0005\0005\000.\0001\000\040\000F\000u\000n\000c\000t\000i\000o\000n\000\040\000D\000o\000c\000u\000m\000e\000n\000t\000a\000t\000i\000o\000n}{section.4.55}% 245
\BOOKMARK [3][-]{subsubsection.4.55.1.1}{\376\377\0004\000.\0005\0005\000.\0001\000.\0001\000\040\000r\000e\000s\000o\000l\000v\000e\000r\000\137\000r\000o\000l\000l\000b\000a\000c\000k\000\050\000\051}{subsection.4.55.1}% 246
\BOOKMARK [1][-]{section.4.56}{\376\377\0004\000.\0005\0006\000\040\000r\000e\000s\000o\000l\000v\000e\000r\000\137\000r\000o\000l\000l\000b\000a\000c\000k\000.\000h}{chapter.4}% 247
